<?xml version="1.0" encoding="UTF-8"?>
<!-- Generated by org.testng.reporters.JUnitXMLReporter -->
<testsuite hostname="WKWIN1185913" ignored="0" name="SHI Sanity Test Cases" tests="9" failures="7" timestamp="28 Dec 2018 08:29:44 GMT" time="126.024" errors="0">
  <testcase name="verifyNARSLogo" time="0.047" classname="com.WP.TestCases.SHIHomePageTest">
    <failure type="java.lang.AbstractMethodError" message="org.openqa.selenium.support.events.EventFiringWebDriver$EventFiringWebElement.isDisplayed()Z">
      <![CDATA[java.lang.AbstractMethodError: org.openqa.selenium.support.events.EventFiringWebDriver$EventFiringWebElement.isDisplayed()Z
at org.openqa.selenium.support.pagefactory.internal.LocatingElementHandler.invoke(LocatingElementHandler.java:42)
at com.sun.proxy.$Proxy10.isDisplayed(Unknown Source)
at com.WP.Pages.HomePage.verifySHILogo(HomePage.java:79)
at com.WP.TestCases.SHIHomePageTest.verifyNARSLogo(SHIHomePageTest.java:31)
... Removed 29 stack frames]]>
    </failure>
  </testcase> <!-- verifyNARSLogo -->
  <testcase name="verifyHeaderItems" time="0.025" classname="com.WP.TestCases.SHIHomePageTest">
    <failure type="java.lang.AbstractMethodError" message="org.openqa.selenium.support.events.EventFiringWebDriver$EventFiringWebElement.isDisplayed()Z">
      <![CDATA[java.lang.AbstractMethodError: org.openqa.selenium.support.events.EventFiringWebDriver$EventFiringWebElement.isDisplayed()Z
at org.openqa.selenium.support.pagefactory.internal.LocatingElementHandler.invoke(LocatingElementHandler.java:42)
at com.sun.proxy.$Proxy10.isDisplayed(Unknown Source)
at com.WP.Pages.HomePage.verifyHeaderUtils(HomePage.java:93)
at com.WP.TestCases.SHIHomePageTest.verifyHeaderItems(SHIHomePageTest.java:37)
... Removed 29 stack frames]]>
    </failure>
  </testcase> <!-- verifyHeaderItems -->
  <testcase name="verifyHomePageTitle" time="0.009" classname="com.WP.TestCases.HomePageTest"/>
  <testcase name="verifyFooterItems" time="0.021" classname="com.WP.TestCases.SHIHomePageTest">
    <failure type="java.lang.AbstractMethodError" message="org.openqa.selenium.support.events.EventFiringWebDriver$EventFiringWebElement.isDisplayed()Z">
      <![CDATA[java.lang.AbstractMethodError: org.openqa.selenium.support.events.EventFiringWebDriver$EventFiringWebElement.isDisplayed()Z
at org.openqa.selenium.support.pagefactory.internal.LocatingElementHandler.invoke(LocatingElementHandler.java:42)
at com.sun.proxy.$Proxy10.isDisplayed(Unknown Source)
at com.WP.Pages.HomePage.verifyFooterElements(HomePage.java:102)
at com.WP.TestCases.SHIHomePageTest.verifyFooterItems(SHIHomePageTest.java:44)
... Removed 29 stack frames]]>
    </failure>
  </testcase> <!-- verifyFooterItems -->
  <testcase name="verifyHomePageLogo" time="0.032" classname="com.WP.TestCases.HomePageTest">
    <failure type="java.lang.AbstractMethodError" message="org.openqa.selenium.support.events.EventFiringWebDriver$EventFiringWebElement.isDisplayed()Z">
      <![CDATA[java.lang.AbstractMethodError: org.openqa.selenium.support.events.EventFiringWebDriver$EventFiringWebElement.isDisplayed()Z
at org.openqa.selenium.support.pagefactory.internal.LocatingElementHandler.invoke(LocatingElementHandler.java:42)
at com.sun.proxy.$Proxy10.isDisplayed(Unknown Source)
at com.WP.Pages.HomePage.verifySHILogo(HomePage.java:79)
at com.WP.TestCases.HomePageTest.verifyHomePageLogo(HomePageTest.java:39)
... Removed 29 stack frames]]>
    </failure>
  </testcase> <!-- verifyHomePageLogo -->
  <testcase name="verifyHomePageSearch" time="0.024" classname="com.WP.TestCases.HomePageTest">
    <failure type="java.lang.AbstractMethodError" message="org.openqa.selenium.support.events.EventFiringWebDriver$EventFiringWebElement.isDisplayed()Z">
      <![CDATA[java.lang.AbstractMethodError: org.openqa.selenium.support.events.EventFiringWebDriver$EventFiringWebElement.isDisplayed()Z
at org.openqa.selenium.support.pagefactory.internal.LocatingElementHandler.invoke(LocatingElementHandler.java:42)
at com.sun.proxy.$Proxy10.isDisplayed(Unknown Source)
at com.WP.Pages.HomePage.verifySearch(HomePage.java:110)
at com.WP.TestCases.HomePageTest.verifyHomePageSearch(HomePageTest.java:44)
... Removed 29 stack frames]]>
    </failure>
  </testcase> <!-- verifyHomePageSearch -->
  <testcase name="verifyHomePageHeader" time="0.03" classname="com.WP.TestCases.HomePageTest">
    <failure type="java.lang.AbstractMethodError" message="org.openqa.selenium.support.events.EventFiringWebDriver$EventFiringWebElement.isDisplayed()Z">
      <![CDATA[java.lang.AbstractMethodError: org.openqa.selenium.support.events.EventFiringWebDriver$EventFiringWebElement.isDisplayed()Z
at org.openqa.selenium.support.pagefactory.internal.LocatingElementHandler.invoke(LocatingElementHandler.java:42)
at com.sun.proxy.$Proxy10.isDisplayed(Unknown Source)
at com.WP.Pages.HomePage.verifyHeaderUtils(HomePage.java:93)
at com.WP.TestCases.HomePageTest.verifyHomePageHeader(HomePageTest.java:49)
... Removed 29 stack frames]]>
    </failure>
  </testcase> <!-- verifyHomePageHeader -->
  <testcase name="verifyHomePageFooter" time="0.063" classname="com.WP.TestCases.HomePageTest">
    <failure type="java.lang.AbstractMethodError" message="org.openqa.selenium.support.events.EventFiringWebDriver$EventFiringWebElement.isDisplayed()Z">
      <![CDATA[java.lang.AbstractMethodError: org.openqa.selenium.support.events.EventFiringWebDriver$EventFiringWebElement.isDisplayed()Z
at org.openqa.selenium.support.pagefactory.internal.LocatingElementHandler.invoke(LocatingElementHandler.java:42)
at com.sun.proxy.$Proxy10.isDisplayed(Unknown Source)
at com.WP.Pages.HomePage.verifyFooterElements(HomePage.java:102)
at com.WP.TestCases.HomePageTest.verifyHomePageFooter(HomePageTest.java:57)
... Removed 29 stack frames]]>
    </failure>
  </testcase> <!-- verifyHomePageFooter -->
  <testcase name="SHISignIn" time="4.611" classname="com.WP.TestCases.HomePageTest"/>
</testsuite> <!-- SHI Sanity Test Cases -->
